<?xml version="1.0" encoding="UTF-8"?>
<testsuite name="ru.netology.DubrovinVyacheslav.service.CustomerServiceTest" tests="1" skipped="0" failures="0" errors="0" timestamp="2023-11-27T13:48:04" hostname="DESKTOP-VAAN55I" time="0.003">
  <properties/>
  <testcase name="assertThatCustomerServiceWorksRight()" classname="ru.netology.DubrovinVyacheslav.service.CustomerServiceTest" time="0.003"/>
  <system-out><![CDATA[2023-11-27 18:48:04.276  INFO 18608 --- [    Test worker] .b.t.c.SpringBootTestContextBootstrapper : Neither @ContextConfiguration nor @ContextHierarchy found for test class [ru.netology.DubrovinVyacheslav.service.CustomerServiceTest], using SpringBootContextLoader
2023-11-27 18:48:04.277  INFO 18608 --- [    Test worker] o.s.t.c.support.AbstractContextLoader    : Could not detect default resource locations for test class [ru.netology.DubrovinVyacheslav.service.CustomerServiceTest]: no resource found for suffixes {-context.xml, Context.groovy}.
2023-11-27 18:48:04.277  INFO 18608 --- [    Test worker] t.c.s.AnnotationConfigContextLoaderUtils : Could not detect default configuration classes for test class [ru.netology.DubrovinVyacheslav.service.CustomerServiceTest]: CustomerServiceTest does not declare any static, non-private, non-final, nested classes annotated with @Configuration.
2023-11-27 18:48:04.279  INFO 18608 --- [    Test worker] .b.t.c.SpringBootTestContextBootstrapper : Found @SpringBootConfiguration ru.netology.DubrovinVyacheslav.OperationHistoryApiApplication for test class ru.netology.DubrovinVyacheslav.service.CustomerServiceTest
2023-11-27 18:48:04.281  INFO 18608 --- [    Test worker] .b.t.c.SpringBootTestContextBootstrapper : Loaded default TestExecutionListener class names from location [META-INF/spring.factories]: [org.springframework.boot.test.autoconfigure.restdocs.RestDocsTestExecutionListener, org.springframework.boot.test.autoconfigure.web.client.MockRestServiceServerResetTestExecutionListener, org.springframework.boot.test.autoconfigure.web.servlet.MockMvcPrintOnlyOnFailureTestExecutionListener, org.springframework.boot.test.autoconfigure.web.servlet.WebDriverTestExecutionListener, org.springframework.boot.test.autoconfigure.webservices.client.MockWebServiceServerTestExecutionListener, org.springframework.boot.test.mock.mockito.MockitoTestExecutionListener, org.springframework.boot.test.mock.mockito.ResetMocksTestExecutionListener, org.springframework.test.context.web.ServletTestExecutionListener, org.springframework.test.context.support.DirtiesContextBeforeModesTestExecutionListener, org.springframework.test.context.event.ApplicationEventsTestExecutionListener, org.springframework.test.context.support.DependencyInjectionTestExecutionListener, org.springframework.test.context.support.DirtiesContextTestExecutionListener, org.springframework.test.context.transaction.TransactionalTestExecutionListener, org.springframework.test.context.jdbc.SqlScriptsTestExecutionListener, org.springframework.test.context.event.EventPublishingTestExecutionListener]
2023-11-27 18:48:04.282  INFO 18608 --- [    Test worker] .b.t.c.SpringBootTestContextBootstrapper : Using TestExecutionListeners: [org.springframework.test.context.web.ServletTestExecutionListener@6caa4dc5, org.springframework.test.context.support.DirtiesContextBeforeModesTestExecutionListener@6ed51944, org.springframework.test.context.event.ApplicationEventsTestExecutionListener@60c98f25, org.springframework.boot.test.mock.mockito.MockitoTestExecutionListener@20c3b34b, org.springframework.boot.test.autoconfigure.SpringBootDependencyInjectionTestExecutionListener@1eb906f3, org.springframework.test.context.support.DirtiesContextTestExecutionListener@58e02359, org.springframework.test.context.event.EventPublishingTestExecutionListener@74fc3fc7, org.springframework.boot.test.autoconfigure.restdocs.RestDocsTestExecutionListener@491893f8, org.springframework.boot.test.autoconfigure.web.client.MockRestServiceServerResetTestExecutionListener@1f408ab6, org.springframework.boot.test.autoconfigure.web.servlet.MockMvcPrintOnlyOnFailureTestExecutionListener@46e388ec, org.springframework.boot.test.autoconfigure.web.servlet.WebDriverTestExecutionListener@53f495f0, org.springframework.boot.test.autoconfigure.webservices.client.MockWebServiceServerTestExecutionListener@5efe5b25, org.springframework.boot.test.mock.mockito.ResetMocksTestExecutionListener@45707f76]
Waiting for next operation in queue
]]></system-out>
  <system-err><![CDATA[]]></system-err>
</testsuite>
