<?xml version="1.0" encoding="UTF-8"?>
<testsuite name="ru.netology.DubrovinVyacheslav.service.StatementServiceTest" tests="1" skipped="0" failures="0" errors="0" timestamp="2023-11-27T13:48:04" hostname="DESKTOP-VAAN55I" time="0.002">
  <properties/>
  <testcase name="assertThatStatementServiceWorksRight()" classname="ru.netology.DubrovinVyacheslav.service.StatementServiceTest" time="0.002"/>
  <system-out><![CDATA[2023-11-27 18:48:04.290  INFO 18608 --- [    Test worker] .b.t.c.SpringBootTestContextBootstrapper : Neither @ContextConfiguration nor @ContextHierarchy found for test class [ru.netology.DubrovinVyacheslav.service.StatementServiceTest], using SpringBootContextLoader
2023-11-27 18:48:04.292  INFO 18608 --- [    Test worker] o.s.t.c.support.AbstractContextLoader    : Could not detect default resource locations for test class [ru.netology.DubrovinVyacheslav.service.StatementServiceTest]: no resource found for suffixes {-context.xml, Context.groovy}.
2023-11-27 18:48:04.292  INFO 18608 --- [    Test worker] t.c.s.AnnotationConfigContextLoaderUtils : Could not detect default configuration classes for test class [ru.netology.DubrovinVyacheslav.service.StatementServiceTest]: StatementServiceTest does not declare any static, non-private, non-final, nested classes annotated with @Configuration.
2023-11-27 18:48:04.293  INFO 18608 --- [    Test worker] .b.t.c.SpringBootTestContextBootstrapper : Found @SpringBootConfiguration ru.netology.DubrovinVyacheslav.OperationHistoryApiApplication for test class ru.netology.DubrovinVyacheslav.service.StatementServiceTest
2023-11-27 18:48:04.294  INFO 18608 --- [    Test worker] .b.t.c.SpringBootTestContextBootstrapper : Loaded default TestExecutionListener class names from location [META-INF/spring.factories]: [org.springframework.boot.test.autoconfigure.restdocs.RestDocsTestExecutionListener, org.springframework.boot.test.autoconfigure.web.client.MockRestServiceServerResetTestExecutionListener, org.springframework.boot.test.autoconfigure.web.servlet.MockMvcPrintOnlyOnFailureTestExecutionListener, org.springframework.boot.test.autoconfigure.web.servlet.WebDriverTestExecutionListener, org.springframework.boot.test.autoconfigure.webservices.client.MockWebServiceServerTestExecutionListener, org.springframework.boot.test.mock.mockito.MockitoTestExecutionListener, org.springframework.boot.test.mock.mockito.ResetMocksTestExecutionListener, org.springframework.test.context.web.ServletTestExecutionListener, org.springframework.test.context.support.DirtiesContextBeforeModesTestExecutionListener, org.springframework.test.context.event.ApplicationEventsTestExecutionListener, org.springframework.test.context.support.DependencyInjectionTestExecutionListener, org.springframework.test.context.support.DirtiesContextTestExecutionListener, org.springframework.test.context.transaction.TransactionalTestExecutionListener, org.springframework.test.context.jdbc.SqlScriptsTestExecutionListener, org.springframework.test.context.event.EventPublishingTestExecutionListener]
2023-11-27 18:48:04.295  INFO 18608 --- [    Test worker] .b.t.c.SpringBootTestContextBootstrapper : Using TestExecutionListeners: [org.springframework.test.context.web.ServletTestExecutionListener@682266d8, org.springframework.test.context.support.DirtiesContextBeforeModesTestExecutionListener@44a93f8a, org.springframework.test.context.event.ApplicationEventsTestExecutionListener@26463a6, org.springframework.boot.test.mock.mockito.MockitoTestExecutionListener@6c5ae8fd, org.springframework.boot.test.autoconfigure.SpringBootDependencyInjectionTestExecutionListener@17354708, org.springframework.test.context.support.DirtiesContextTestExecutionListener@1aed6f0b, org.springframework.test.context.event.EventPublishingTestExecutionListener@3b3546a3, org.springframework.boot.test.autoconfigure.restdocs.RestDocsTestExecutionListener@134c38, org.springframework.boot.test.autoconfigure.web.client.MockRestServiceServerResetTestExecutionListener@3d235635, org.springframework.boot.test.autoconfigure.web.servlet.MockMvcPrintOnlyOnFailureTestExecutionListener@4cc7e3ad, org.springframework.boot.test.autoconfigure.web.servlet.WebDriverTestExecutionListener@5dd6a4c8, org.springframework.boot.test.autoconfigure.webservices.client.MockWebServiceServerTestExecutionListener@47be41c6, org.springframework.boot.test.mock.mockito.ResetMocksTestExecutionListener@608b35fa]
Waiting for next operation in queue
]]></system-out>
  <system-err><![CDATA[]]></system-err>
</testsuite>
