<?xml version="1.0" encoding="UTF-8"?>
<testsuite name="ru.netology.DubrovinVyacheslav.service.AsyncInputOperationServiceTest" tests="1" skipped="0" failures="0" errors="0" timestamp="2023-11-27T13:48:03" hostname="DESKTOP-VAAN55I" time="0.514">
  <properties/>
  <testcase name="assertThatAsyncInputOperationServiceWorksRight()" classname="ru.netology.DubrovinVyacheslav.service.AsyncInputOperationServiceTest" time="0.514"/>
  <system-out><![CDATA[2023-11-27 18:48:03.339  INFO 18608 --- [    Test worker] .b.t.c.SpringBootTestContextBootstrapper : Neither @ContextConfiguration nor @ContextHierarchy found for test class [ru.netology.DubrovinVyacheslav.service.AsyncInputOperationServiceTest], using SpringBootContextLoader
2023-11-27 18:48:03.339  INFO 18608 --- [    Test worker] o.s.t.c.support.AbstractContextLoader    : Could not detect default resource locations for test class [ru.netology.DubrovinVyacheslav.service.AsyncInputOperationServiceTest]: no resource found for suffixes {-context.xml, Context.groovy}.
2023-11-27 18:48:03.339  INFO 18608 --- [    Test worker] t.c.s.AnnotationConfigContextLoaderUtils : Could not detect default configuration classes for test class [ru.netology.DubrovinVyacheslav.service.AsyncInputOperationServiceTest]: AsyncInputOperationServiceTest does not declare any static, non-private, non-final, nested classes annotated with @Configuration.
2023-11-27 18:48:03.346  INFO 18608 --- [    Test worker] .b.t.c.SpringBootTestContextBootstrapper : Found @SpringBootConfiguration ru.netology.DubrovinVyacheslav.OperationHistoryApiApplication for test class ru.netology.DubrovinVyacheslav.service.AsyncInputOperationServiceTest
2023-11-27 18:48:03.349  INFO 18608 --- [    Test worker] .b.t.c.SpringBootTestContextBootstrapper : Loaded default TestExecutionListener class names from location [META-INF/spring.factories]: [org.springframework.boot.test.autoconfigure.restdocs.RestDocsTestExecutionListener, org.springframework.boot.test.autoconfigure.web.client.MockRestServiceServerResetTestExecutionListener, org.springframework.boot.test.autoconfigure.web.servlet.MockMvcPrintOnlyOnFailureTestExecutionListener, org.springframework.boot.test.autoconfigure.web.servlet.WebDriverTestExecutionListener, org.springframework.boot.test.autoconfigure.webservices.client.MockWebServiceServerTestExecutionListener, org.springframework.boot.test.mock.mockito.MockitoTestExecutionListener, org.springframework.boot.test.mock.mockito.ResetMocksTestExecutionListener, org.springframework.test.context.web.ServletTestExecutionListener, org.springframework.test.context.support.DirtiesContextBeforeModesTestExecutionListener, org.springframework.test.context.event.ApplicationEventsTestExecutionListener, org.springframework.test.context.support.DependencyInjectionTestExecutionListener, org.springframework.test.context.support.DirtiesContextTestExecutionListener, org.springframework.test.context.transaction.TransactionalTestExecutionListener, org.springframework.test.context.jdbc.SqlScriptsTestExecutionListener, org.springframework.test.context.event.EventPublishingTestExecutionListener]
2023-11-27 18:48:03.350  INFO 18608 --- [    Test worker] .b.t.c.SpringBootTestContextBootstrapper : Using TestExecutionListeners: [org.springframework.test.context.web.ServletTestExecutionListener@5ad57e90, org.springframework.test.context.support.DirtiesContextBeforeModesTestExecutionListener@1a345298, org.springframework.test.context.event.ApplicationEventsTestExecutionListener@4ad896f7, org.springframework.boot.test.mock.mockito.MockitoTestExecutionListener@c318864, org.springframework.boot.test.autoconfigure.SpringBootDependencyInjectionTestExecutionListener@7d61468c, org.springframework.test.context.support.DirtiesContextTestExecutionListener@45796b2a, org.springframework.test.context.event.EventPublishingTestExecutionListener@4b98225c, org.springframework.boot.test.autoconfigure.restdocs.RestDocsTestExecutionListener@4beae1e3, org.springframework.boot.test.autoconfigure.web.client.MockRestServiceServerResetTestExecutionListener@3c488b34, org.springframework.boot.test.autoconfigure.web.servlet.MockMvcPrintOnlyOnFailureTestExecutionListener@32e697ac, org.springframework.boot.test.autoconfigure.web.servlet.WebDriverTestExecutionListener@3866c96e, org.springframework.boot.test.autoconfigure.webservices.client.MockWebServiceServerTestExecutionListener@241fc278, org.springframework.boot.test.mock.mockito.ResetMocksTestExecutionListener@5c76fce4]

  .   ____          _            __ _ _
 /\\ / ___'_ __ _ _(_)_ __  __ _ \ \ \ \
( ( )\___ | '_ | '_| | '_ \/ _` | \ \ \ \
 \\/  ___)| |_)| | | | | || (_| |  ) ) ) )
  '  |____| .__|_| |_|_| |_\__, | / / / /
 =========|_|==============|___/=/_/_/_/
 :: Spring Boot ::                (v2.7.4)

2023-11-27 18:48:03.376  INFO 18608 --- [    Test worker] r.n.D.s.AsyncInputOperationServiceTest   : Starting AsyncInputOperationServiceTest using Java 17.0.9 on DESKTOP-VAAN55I with PID 18608 (started by Пользователь in D:\project)
2023-11-27 18:48:03.377  INFO 18608 --- [    Test worker] r.n.D.s.AsyncInputOperationServiceTest   : No active profile set, falling back to 1 default profile: "default"
Waiting for next operation in queue
Waiting for next operation in queue
Waiting for next operation in queue
Waiting for next operation in queue
Waiting for next operation in queue
Waiting for next operation in queue
Waiting for next operation in queue
2023-11-27 18:48:03.756  INFO 18608 --- [    Test worker] r.n.D.s.AsyncInputOperationServiceTest   : Started AsyncInputOperationServiceTest in 0.404 seconds (JVM running for 3.939)
Processing operation:Operation(id=0, sum=2000, currency=RUB, merchant=Shoes Shop, customerId=0)
Waiting for next operation in queue
Waiting for next operation in queue
Waiting for next operation in queue
Waiting for next operation in queue
Waiting for next operation in queue
Waiting for next operation in queue
Waiting for next operation in queue
Waiting for next operation in queue
]]></system-out>
  <system-err><![CDATA[]]></system-err>
</testsuite>
