<?xml version="1.0" encoding="UTF-8"?>
<testsuite name="ru.netology.DubrovinVyacheslav.controller.OperationControllerTest" tests="1" skipped="0" failures="0" errors="0" timestamp="2023-11-27T13:48:02" hostname="DESKTOP-VAAN55I" time="0.542">
  <properties/>
  <testcase name="assertThatOperationControllerWorksRight()" classname="ru.netology.DubrovinVyacheslav.controller.OperationControllerTest" time="0.542"/>
  <system-out><![CDATA[2023-11-27 18:48:02.781  INFO 18608 --- [    Test worker] .b.t.c.SpringBootTestContextBootstrapper : Neither @ContextConfiguration nor @ContextHierarchy found for test class [ru.netology.DubrovinVyacheslav.controller.OperationControllerTest], using SpringBootContextLoader
2023-11-27 18:48:02.782  INFO 18608 --- [    Test worker] o.s.t.c.support.AbstractContextLoader    : Could not detect default resource locations for test class [ru.netology.DubrovinVyacheslav.controller.OperationControllerTest]: no resource found for suffixes {-context.xml, Context.groovy}.
2023-11-27 18:48:02.782  INFO 18608 --- [    Test worker] t.c.s.AnnotationConfigContextLoaderUtils : Could not detect default configuration classes for test class [ru.netology.DubrovinVyacheslav.controller.OperationControllerTest]: OperationControllerTest does not declare any static, non-private, non-final, nested classes annotated with @Configuration.
2023-11-27 18:48:02.786  INFO 18608 --- [    Test worker] .b.t.c.SpringBootTestContextBootstrapper : Found @SpringBootConfiguration ru.netology.DubrovinVyacheslav.OperationHistoryApiApplication for test class ru.netology.DubrovinVyacheslav.controller.OperationControllerTest
2023-11-27 18:48:02.787  INFO 18608 --- [    Test worker] .b.t.c.SpringBootTestContextBootstrapper : Loaded default TestExecutionListener class names from location [META-INF/spring.factories]: [org.springframework.boot.test.autoconfigure.restdocs.RestDocsTestExecutionListener, org.springframework.boot.test.autoconfigure.web.client.MockRestServiceServerResetTestExecutionListener, org.springframework.boot.test.autoconfigure.web.servlet.MockMvcPrintOnlyOnFailureTestExecutionListener, org.springframework.boot.test.autoconfigure.web.servlet.WebDriverTestExecutionListener, org.springframework.boot.test.autoconfigure.webservices.client.MockWebServiceServerTestExecutionListener, org.springframework.boot.test.mock.mockito.MockitoTestExecutionListener, org.springframework.boot.test.mock.mockito.ResetMocksTestExecutionListener, org.springframework.test.context.web.ServletTestExecutionListener, org.springframework.test.context.support.DirtiesContextBeforeModesTestExecutionListener, org.springframework.test.context.event.ApplicationEventsTestExecutionListener, org.springframework.test.context.support.DependencyInjectionTestExecutionListener, org.springframework.test.context.support.DirtiesContextTestExecutionListener, org.springframework.test.context.transaction.TransactionalTestExecutionListener, org.springframework.test.context.jdbc.SqlScriptsTestExecutionListener, org.springframework.test.context.event.EventPublishingTestExecutionListener]
2023-11-27 18:48:02.788  INFO 18608 --- [    Test worker] .b.t.c.SpringBootTestContextBootstrapper : Using TestExecutionListeners: [org.springframework.test.context.web.ServletTestExecutionListener@2b395581, org.springframework.test.context.support.DirtiesContextBeforeModesTestExecutionListener@726a8729, org.springframework.test.context.event.ApplicationEventsTestExecutionListener@1a2724d3, org.springframework.boot.test.mock.mockito.MockitoTestExecutionListener@7dd91ffc, org.springframework.boot.test.autoconfigure.SpringBootDependencyInjectionTestExecutionListener@1c2dd89b, org.springframework.test.context.support.DirtiesContextTestExecutionListener@3ad847f8, org.springframework.test.context.event.EventPublishingTestExecutionListener@19faedcc, org.springframework.boot.test.autoconfigure.restdocs.RestDocsTestExecutionListener@2c6927f0, org.springframework.boot.test.autoconfigure.web.client.MockRestServiceServerResetTestExecutionListener@5ef2cbe6, org.springframework.boot.test.autoconfigure.web.servlet.MockMvcPrintOnlyOnFailureTestExecutionListener@266da047, org.springframework.boot.test.autoconfigure.web.servlet.WebDriverTestExecutionListener@68b7bdcb, org.springframework.boot.test.autoconfigure.webservices.client.MockWebServiceServerTestExecutionListener@d84418a, org.springframework.boot.test.mock.mockito.ResetMocksTestExecutionListener@45e11627]
Processing operation:Operation(id=0, sum=1000, currency=USD, merchant=Computer, customerId=1)
Waiting for next operation in queue
Waiting for next operation in queue
Waiting for next operation in queue
Waiting for next operation in queue
Waiting for next operation in queue
]]></system-out>
  <system-err><![CDATA[]]></system-err>
</testsuite>
